<?xml version="1.0" encoding="UTF-8"?>
<!-- Generated by org.testng.reporters.JUnitXMLReporter -->
<testsuite hostname="LAPTOP-MUEQ79FM" ignored="0" name="Default test" tests="10" failures="0" timestamp="2022-07-15T22:24:45 AEST" time="32.649" errors="0">
  <testcase name="NavigateToHomePage" time="0.05" classname="com.planit.testscenarios.TestMethods"/>
  <testcase name="SubmitContactInfo" time="3.929" classname="com.planit.testscenarios.TestMethods"/>
  <testcase name="NavigateToShopPage" time="0.92" classname="com.planit.testscenarios.TestMethods"/>
  <testcase name="BuyOneProduct" time="0.526" classname="com.planit.testscenarios.TestMethods"/>
  <testcase name="BuyMultipleProducts" time="0.148" classname="com.planit.testscenarios.TestMethods"/>
  <testcase name="NavigateToCartPage" time="0.823" classname="com.planit.testscenarios.TestMethods"/>
  <testcase name="UpdateProductQuantity" time="0.514" classname="com.planit.testscenarios.TestMethods"/>
  <testcase name="ClearCart" time="0.675" classname="com.planit.testscenarios.TestMethods"/>
  <testcase name="ProceedToCheckOut" time="0.864" classname="com.planit.testscenarios.TestMethods"/>
  <testcase name="OrderPurchaseDetails" time="5.403" classname="com.planit.testscenarios.TestMethods"/>
</testsuite> <!-- Default test -->
